0.00
0.87
1.73
2.60
3.46
4.33
5.20
6.06
6.93
7.79
8.66
9.53
10.39
11.26
12.12
12.99
13.86
14.72
15.59
16.45
17.32
18.19
19.05
19.92
20.78
21.65
22.52
23.38
24.25
25.11
25.98
26.85
27.71
28.58
29.44
30.31
31.18
32.04
32.91
33.77
34.64
35.51
36.37
37.24
38.11
38.97
39.84
40.70
41.57
42.44
43.30
44.17
45.03
45.90
46.77
47.63
48.50
49.36
50.23
51.10
51.96
52.83
53.69
54.56
55.43
56.29
57.16
58.02
58.89
59.76
60.62
61.49
62.35
63.22
64.09
64.95
65.82
66.68
67.55
68.42
69.28
70.15
71.01
71.88
72.75
73.61
74.48
75.34
76.21
77.08
77.94
78.81
79.67
80.54
81.41
82.27
83.14
84.00
84.87
85.74
